{"D:\\unittest\\main_v1.0.js": {"path":"D:\\unittest\\main_v1.0.js","statementMap":{"0":{"start":{"line":2,"column":15},"end":{"line":2,"column":17}},"1":{"start":{"line":3,"column":22},"end":{"line":3,"column":24}},"2":{"start":{"line":4,"column":18},"end":{"line":4,"column":20}},"3":{"start":{"line":5,"column":4},"end":{"line":39,"column":5}},"4":{"start":{"line":5,"column":17},"end":{"line":5,"column":18}},"5":{"start":{"line":6,"column":8},"end":{"line":6,"column":230}},"6":{"start":{"line":7,"column":22},"end":{"line":7,"column":46}},"7":{"start":{"line":8,"column":24},"end":{"line":8,"column":46}},"8":{"start":{"line":9,"column":39},"end":{"line":9,"column":67}},"9":{"start":{"line":10,"column":8},"end":{"line":14,"column":9}},"10":{"start":{"line":11,"column":12},"end":{"line":11,"column":30}},"11":{"start":{"line":13,"column":12},"end":{"line":13,"column":33}},"12":{"start":{"line":15,"column":8},"end":{"line":19,"column":9}},"13":{"start":{"line":16,"column":12},"end":{"line":16,"column":31}},"14":{"start":{"line":18,"column":12},"end":{"line":18,"column":27}},"15":{"start":{"line":20,"column":27},"end":{"line":20,"column":51}},"16":{"start":{"line":21,"column":8},"end":{"line":30,"column":9}},"17":{"start":{"line":21,"column":21},"end":{"line":21,"column":22}},"18":{"start":{"line":22,"column":12},"end":{"line":29,"column":13}},"19":{"start":{"line":23,"column":39},"end":{"line":23,"column":77}},"20":{"start":{"line":24,"column":16},"end":{"line":26,"column":174}},"21":{"start":{"line":28,"column":16},"end":{"line":28,"column":587}},"22":{"start":{"line":31,"column":8},"end":{"line":31,"column":39}},"23":{"start":{"line":32,"column":8},"end":{"line":38,"column":10}},"24":{"start":{"line":40,"column":4},"end":{"line":40,"column":33}},"25":{"start":{"line":44,"column":25},"end":{"line":48,"column":6}},"26":{"start":{"line":45,"column":8},"end":{"line":45,"column":24}},"27":{"start":{"line":46,"column":8},"end":{"line":46,"column":22}},"28":{"start":{"line":47,"column":8},"end":{"line":47,"column":17}},"29":{"start":{"line":49,"column":27},"end":{"line":49,"column":93}},"30":{"start":{"line":51,"column":4},"end":{"line":51,"column":28}},"31":{"start":{"line":55,"column":25},"end":{"line":55,"column":36}},"32":{"start":{"line":56,"column":4},"end":{"line":70,"column":5}},"33":{"start":{"line":56,"column":18},"end":{"line":56,"column":19}},"34":{"start":{"line":57,"column":24},"end":{"line":57,"column":51}},"35":{"start":{"line":58,"column":24},"end":{"line":58,"column":43}},"36":{"start":{"line":59,"column":30},"end":{"line":59,"column":62}},"37":{"start":{"line":60,"column":8},"end":{"line":66,"column":9}},"38":{"start":{"line":61,"column":12},"end":{"line":61,"column":49}},"39":{"start":{"line":62,"column":32},"end":{"line":62,"column":83}},"40":{"start":{"line":63,"column":36},"end":{"line":63,"column":99}},"41":{"start":{"line":64,"column":12},"end":{"line":64,"column":67}},"42":{"start":{"line":65,"column":12},"end":{"line":65,"column":81}},"43":{"start":{"line":67,"column":8},"end":{"line":69,"column":9}},"44":{"start":{"line":68,"column":12},"end":{"line":68,"column":46}},"45":{"start":{"line":71,"column":4},"end":{"line":71,"column":25}},"46":{"start":{"line":75,"column":17},"end":{"line":78,"column":5}},"47":{"start":{"line":79,"column":4},"end":{"line":101,"column":5}},"48":{"start":{"line":79,"column":24},"end":{"line":79,"column":25}},"49":{"start":{"line":80,"column":8},"end":{"line":100,"column":9}},"50":{"start":{"line":81,"column":32},"end":{"line":81,"column":90}},"51":{"start":{"line":82,"column":32},"end":{"line":82,"column":55}},"52":{"start":{"line":83,"column":12},"end":{"line":99,"column":13}},"53":{"start":{"line":84,"column":27},"end":{"line":84,"column":81}},"54":{"start":{"line":85,"column":16},"end":{"line":95,"column":17}},"55":{"start":{"line":86,"column":20},"end":{"line":86,"column":45}},"56":{"start":{"line":87,"column":36},"end":{"line":87,"column":71}},"57":{"start":{"line":88,"column":20},"end":{"line":88,"column":52}},"58":{"start":{"line":89,"column":20},"end":{"line":89,"column":90}},"59":{"start":{"line":91,"column":20},"end":{"line":91,"column":46}},"60":{"start":{"line":92,"column":20},"end":{"line":94,"column":21}},"61":{"start":{"line":93,"column":24},"end":{"line":93,"column":91}},"62":{"start":{"line":97,"column":16},"end":{"line":97,"column":41}},"63":{"start":{"line":98,"column":16},"end":{"line":98,"column":61}},"64":{"start":{"line":102,"column":4},"end":{"line":102,"column":18}},"65":{"start":{"line":106,"column":4},"end":{"line":106,"column":51}},"66":{"start":{"line":108,"column":25},"end":{"line":108,"column":27}},"67":{"start":{"line":111,"column":4},"end":{"line":117,"column":5}},"68":{"start":{"line":112,"column":24},"end":{"line":112,"column":88}},"69":{"start":{"line":113,"column":24},"end":{"line":113,"column":77}},"70":{"start":{"line":114,"column":24},"end":{"line":114,"column":81}},"71":{"start":{"line":115,"column":21},"end":{"line":115,"column":66}},"72":{"start":{"line":116,"column":8},"end":{"line":116,"column":58}},"73":{"start":{"line":118,"column":4},"end":{"line":130,"column":5}},"74":{"start":{"line":119,"column":31},"end":{"line":119,"column":95}},"75":{"start":{"line":120,"column":8},"end":{"line":120,"column":64}},"76":{"start":{"line":121,"column":8},"end":{"line":129,"column":10}},"77":{"start":{"line":122,"column":12},"end":{"line":128,"column":13}},"78":{"start":{"line":123,"column":32},"end":{"line":123,"column":90}},"79":{"start":{"line":124,"column":32},"end":{"line":124,"column":79}},"80":{"start":{"line":125,"column":32},"end":{"line":125,"column":83}},"81":{"start":{"line":126,"column":29},"end":{"line":126,"column":71}},"82":{"start":{"line":127,"column":16},"end":{"line":127,"column":66}},"83":{"start":{"line":135,"column":27},"end":{"line":135,"column":69}},"84":{"start":{"line":136,"column":4},"end":{"line":140,"column":11}},"85":{"start":{"line":136,"column":63},"end":{"line":136,"column":80}},"86":{"start":{"line":137,"column":8},"end":{"line":139,"column":10}},"87":{"start":{"line":141,"column":23},"end":{"line":141,"column":47}},"88":{"start":{"line":142,"column":4},"end":{"line":142,"column":48}},"89":{"start":{"line":143,"column":4},"end":{"line":146,"column":5}},"90":{"start":{"line":144,"column":8},"end":{"line":144,"column":44}},"91":{"start":{"line":145,"column":8},"end":{"line":145,"column":41}},"92":{"start":{"line":147,"column":4},"end":{"line":147,"column":39}},"93":{"start":{"line":152,"column":4},"end":{"line":157,"column":5}},"94":{"start":{"line":153,"column":8},"end":{"line":153,"column":28}},"95":{"start":{"line":155,"column":8},"end":{"line":155,"column":31}},"96":{"start":{"line":156,"column":8},"end":{"line":156,"column":28}},"97":{"start":{"line":163,"column":28},"end":{"line":163,"column":94}},"98":{"start":{"line":164,"column":25},"end":{"line":164,"column":102}},"99":{"start":{"line":165,"column":22},"end":{"line":167,"column":6}},"100":{"start":{"line":166,"column":8},"end":{"line":166,"column":30}},"101":{"start":{"line":168,"column":28},"end":{"line":168,"column":30}},"102":{"start":{"line":169,"column":4},"end":{"line":174,"column":5}},"103":{"start":{"line":169,"column":17},"end":{"line":169,"column":18}},"104":{"start":{"line":170,"column":16},"end":{"line":170,"column":21}},"105":{"start":{"line":171,"column":30},"end":{"line":171,"column":66}},"106":{"start":{"line":172,"column":32},"end":{"line":172,"column":46}},"107":{"start":{"line":173,"column":8},"end":{"line":173,"column":63}},"108":{"start":{"line":175,"column":21},"end":{"line":177,"column":6}},"109":{"start":{"line":176,"column":8},"end":{"line":176,"column":29}},"110":{"start":{"line":178,"column":26},"end":{"line":178,"column":51}},"111":{"start":{"line":179,"column":4},"end":{"line":184,"column":5}},"112":{"start":{"line":180,"column":8},"end":{"line":180,"column":42}},"113":{"start":{"line":189,"column":4},"end":{"line":189,"column":35}},"114":{"start":{"line":190,"column":4},"end":{"line":190,"column":50}},"115":{"start":{"line":193,"column":0},"end":{"line":193,"column":28}},"116":{"start":{"line":194,"column":0},"end":{"line":194,"column":34}},"117":{"start":{"line":195,"column":0},"end":{"line":195,"column":40}},"118":{"start":{"line":196,"column":0},"end":{"line":196,"column":50}},"119":{"start":{"line":197,"column":0},"end":{"line":197,"column":30}},"120":{"start":{"line":198,"column":0},"end":{"line":198,"column":46}},"121":{"start":{"line":199,"column":0},"end":{"line":199,"column":36}},"122":{"start":{"line":200,"column":0},"end":{"line":200,"column":46}},"123":{"start":{"line":201,"column":0},"end":{"line":201,"column":44}},"124":{"start":{"line":202,"column":0},"end":{"line":202,"column":46}}},"fnMap":{"0":{"name":"generateSurvey","decl":{"start":{"line":1,"column":10},"end":{"line":1,"column":24}},"loc":{"start":{"line":1,"column":79},"end":{"line":41,"column":1}},"line":1},"1":{"name":"getAnswer","decl":{"start":{"line":43,"column":9},"end":{"line":43,"column":18}},"loc":{"start":{"line":43,"column":56},"end":{"line":52,"column":1}},"line":43},"2":{"name":"(anonymous_2)","decl":{"start":{"line":44,"column":41},"end":{"line":44,"column":42}},"loc":{"start":{"line":44,"column":48},"end":{"line":48,"column":5}},"line":44},"3":{"name":"loopElementClass","decl":{"start":{"line":54,"column":9},"end":{"line":54,"column":25}},"loc":{"start":{"line":54,"column":69},"end":{"line":72,"column":1}},"line":54},"4":{"name":"loopInputQuestion","decl":{"start":{"line":74,"column":9},"end":{"line":74,"column":26}},"loc":{"start":{"line":74,"column":72},"end":{"line":103,"column":1}},"line":74},"5":{"name":"getAlphabet","decl":{"start":{"line":105,"column":9},"end":{"line":105,"column":20}},"loc":{"start":{"line":105,"column":28},"end":{"line":107,"column":1}},"line":105},"6":{"name":"handleInputOrther","decl":{"start":{"line":110,"column":9},"end":{"line":110,"column":26}},"loc":{"start":{"line":110,"column":108},"end":{"line":131,"column":1}},"line":110},"7":{"name":"(anonymous_7)","decl":{"start":{"line":121,"column":37},"end":{"line":121,"column":38}},"loc":{"start":{"line":121,"column":51},"end":{"line":129,"column":9}},"line":121},"8":{"name":"unCheckRadioInput","decl":{"start":{"line":134,"column":9},"end":{"line":134,"column":26}},"loc":{"start":{"line":134,"column":53},"end":{"line":149,"column":1}},"line":134},"9":{"name":"(anonymous_9)","decl":{"start":{"line":136,"column":54},"end":{"line":136,"column":55}},"loc":{"start":{"line":136,"column":63},"end":{"line":136,"column":80}},"line":136},"10":{"name":"(anonymous_10)","decl":{"start":{"line":136,"column":89},"end":{"line":136,"column":90}},"loc":{"start":{"line":136,"column":103},"end":{"line":140,"column":5}},"line":136},"11":{"name":"showHideDescription","decl":{"start":{"line":151,"column":9},"end":{"line":151,"column":28}},"loc":{"start":{"line":151,"column":61},"end":{"line":158,"column":1}},"line":151},"12":{"name":"goToHomePage","decl":{"start":{"line":161,"column":9},"end":{"line":161,"column":21}},"loc":{"start":{"line":161,"column":77},"end":{"line":186,"column":1}},"line":161},"13":{"name":"(anonymous_13)","decl":{"start":{"line":165,"column":41},"end":{"line":165,"column":42}},"loc":{"start":{"line":165,"column":56},"end":{"line":167,"column":5}},"line":165},"14":{"name":"(anonymous_14)","decl":{"start":{"line":175,"column":40},"end":{"line":175,"column":41}},"loc":{"start":{"line":175,"column":55},"end":{"line":177,"column":5}},"line":175},"15":{"name":"comeBack","decl":{"start":{"line":188,"column":9},"end":{"line":188,"column":17}},"loc":{"start":{"line":188,"column":20},"end":{"line":191,"column":1}},"line":188}},"branchMap":{"0":{"loc":{"start":{"line":10,"column":8},"end":{"line":14,"column":9}},"type":"if","locations":[{"start":{"line":10,"column":8},"end":{"line":14,"column":9}},{"start":{"line":12,"column":15},"end":{"line":14,"column":9}}],"line":10},"1":{"loc":{"start":{"line":15,"column":8},"end":{"line":19,"column":9}},"type":"if","locations":[{"start":{"line":15,"column":8},"end":{"line":19,"column":9}},{"start":{"line":17,"column":15},"end":{"line":19,"column":9}}],"line":15},"2":{"loc":{"start":{"line":22,"column":12},"end":{"line":29,"column":13}},"type":"if","locations":[{"start":{"line":22,"column":12},"end":{"line":29,"column":13}},{"start":{"line":27,"column":19},"end":{"line":29,"column":13}}],"line":22},"3":{"loc":{"start":{"line":60,"column":8},"end":{"line":66,"column":9}},"type":"if","locations":[{"start":{"line":60,"column":8},"end":{"line":66,"column":9}},{"start":{},"end":{}}],"line":60},"4":{"loc":{"start":{"line":67,"column":8},"end":{"line":69,"column":9}},"type":"if","locations":[{"start":{"line":67,"column":8},"end":{"line":69,"column":9}},{"start":{},"end":{}}],"line":67},"5":{"loc":{"start":{"line":80,"column":8},"end":{"line":100,"column":9}},"type":"if","locations":[{"start":{"line":80,"column":8},"end":{"line":100,"column":9}},{"start":{},"end":{}}],"line":80},"6":{"loc":{"start":{"line":80,"column":12},"end":{"line":80,"column":67}},"type":"binary-expr","locations":[{"start":{"line":80,"column":12},"end":{"line":80,"column":28}},{"start":{"line":80,"column":33},"end":{"line":80,"column":66}}],"line":80},"7":{"loc":{"start":{"line":83,"column":12},"end":{"line":99,"column":13}},"type":"if","locations":[{"start":{"line":83,"column":12},"end":{"line":99,"column":13}},{"start":{"line":96,"column":19},"end":{"line":99,"column":13}}],"line":83},"8":{"loc":{"start":{"line":83,"column":16},"end":{"line":83,"column":50}},"type":"binary-expr","locations":[{"start":{"line":83,"column":16},"end":{"line":83,"column":29}},{"start":{"line":83,"column":33},"end":{"line":83,"column":50}}],"line":83},"9":{"loc":{"start":{"line":85,"column":16},"end":{"line":95,"column":17}},"type":"if","locations":[{"start":{"line":85,"column":16},"end":{"line":95,"column":17}},{"start":{"line":90,"column":23},"end":{"line":95,"column":17}}],"line":85},"10":{"loc":{"start":{"line":85,"column":20},"end":{"line":85,"column":39}},"type":"binary-expr","locations":[{"start":{"line":85,"column":20},"end":{"line":85,"column":24}},{"start":{"line":85,"column":28},"end":{"line":85,"column":39}}],"line":85},"11":{"loc":{"start":{"line":92,"column":20},"end":{"line":94,"column":21}},"type":"if","locations":[{"start":{"line":92,"column":20},"end":{"line":94,"column":21}},{"start":{},"end":{}}],"line":92},"12":{"loc":{"start":{"line":111,"column":4},"end":{"line":117,"column":5}},"type":"if","locations":[{"start":{"line":111,"column":4},"end":{"line":117,"column":5}},{"start":{},"end":{}}],"line":111},"13":{"loc":{"start":{"line":118,"column":4},"end":{"line":130,"column":5}},"type":"if","locations":[{"start":{"line":118,"column":4},"end":{"line":130,"column":5}},{"start":{},"end":{}}],"line":118},"14":{"loc":{"start":{"line":122,"column":12},"end":{"line":128,"column":13}},"type":"if","locations":[{"start":{"line":122,"column":12},"end":{"line":128,"column":13}},{"start":{},"end":{}}],"line":122},"15":{"loc":{"start":{"line":143,"column":4},"end":{"line":146,"column":5}},"type":"if","locations":[{"start":{"line":143,"column":4},"end":{"line":146,"column":5}},{"start":{},"end":{}}],"line":143},"16":{"loc":{"start":{"line":143,"column":8},"end":{"line":143,"column":65}},"type":"binary-expr","locations":[{"start":{"line":143,"column":8},"end":{"line":143,"column":20}},{"start":{"line":143,"column":24},"end":{"line":143,"column":45}},{"start":{"line":143,"column":49},"end":{"line":143,"column":65}}],"line":143},"17":{"loc":{"start":{"line":152,"column":4},"end":{"line":157,"column":5}},"type":"if","locations":[{"start":{"line":152,"column":4},"end":{"line":157,"column":5}},{"start":{"line":154,"column":11},"end":{"line":157,"column":5}}],"line":152},"18":{"loc":{"start":{"line":179,"column":4},"end":{"line":184,"column":5}},"type":"if","locations":[{"start":{"line":179,"column":4},"end":{"line":184,"column":5}},{"start":{"line":181,"column":11},"end":{"line":184,"column":5}}],"line":179}},"s":{"0":11,"1":11,"2":11,"3":11,"4":11,"5":19,"6":19,"7":19,"8":19,"9":19,"10":9,"11":10,"12":19,"13":5,"14":14,"15":19,"16":19,"17":19,"18":57,"19":9,"20":9,"21":48,"22":19,"23":19,"24":11,"25":5,"26":8,"27":8,"28":8,"29":5,"30":5,"31":8,"32":8,"33":8,"34":8,"35":8,"36":8,"37":8,"38":6,"39":6,"40":6,"41":6,"42":6,"43":8,"44":1,"45":8,"46":10,"47":10,"48":10,"49":13,"50":5,"51":5,"52":5,"53":2,"54":2,"55":1,"56":1,"57":1,"58":1,"59":1,"60":1,"61":1,"62":3,"63":3,"64":10,"65":59,"66":10,"67":2,"68":1,"69":1,"70":1,"71":1,"72":1,"73":2,"74":1,"75":1,"76":1,"77":4,"78":3,"79":3,"80":3,"81":3,"82":3,"83":3,"84":3,"85":2,"86":2,"87":3,"88":3,"89":3,"90":1,"91":1,"92":3,"93":6,"94":1,"95":5,"96":5,"97":3,"98":3,"99":3,"100":4,"101":3,"102":3,"103":3,"104":4,"105":4,"106":4,"107":4,"108":3,"109":4,"110":3,"111":3,"112":2,"113":1,"114":1,"115":10,"116":10,"117":10,"118":10,"119":10,"120":10,"121":10,"122":10,"123":10,"124":10},"f":{"0":11,"1":5,"2":8,"3":8,"4":10,"5":59,"6":2,"7":4,"8":3,"9":2,"10":2,"11":6,"12":3,"13":4,"14":4,"15":1},"b":{"0":[9,10],"1":[5,14],"2":[9,48],"3":[6,2],"4":[1,7],"5":[5,8],"6":[13,5],"7":[2,3],"8":[5,2],"9":[1,1],"10":[2,1],"11":[1,0],"12":[1,1],"13":[1,1],"14":[3,1],"15":[1,2],"16":[3,1,1],"17":[1,5],"18":[2,1]},"_coverageSchema":"1a1c01bbd47fc00a2c39e90264f33305004495a9","hash":"36639a0af8fdd8840a723a68435cae2155a2a239"}
}
