TN:
SF:main_v1.0.js
FN:1,generateSurvey
FN:43,getAnswer
FN:44,(anonymous_2)
FN:54,loopElementClass
FN:74,loopInputQuestion
FN:105,getAlphabet
FN:110,handleInputOrther
FN:121,(anonymous_7)
FN:134,unCheckRadioInput
FN:136,(anonymous_9)
FN:136,(anonymous_10)
FN:151,showHideDescription
FN:161,goToHomePage
FN:165,(anonymous_13)
FN:175,(anonymous_14)
FN:188,comeBack
FNF:16
FNH:15
FNDA:11,generateSurvey
FNDA:5,getAnswer
FNDA:8,(anonymous_2)
FNDA:8,loopElementClass
FNDA:10,loopInputQuestion
FNDA:59,getAlphabet
FNDA:2,handleInputOrther
FNDA:4,(anonymous_7)
FNDA:3,unCheckRadioInput
FNDA:2,(anonymous_9)
FNDA:2,(anonymous_10)
FNDA:6,showHideDescription
FNDA:3,goToHomePage
FNDA:4,(anonymous_13)
FNDA:4,(anonymous_14)
FNDA:0,comeBack
DA:2,11
DA:3,11
DA:4,11
DA:5,11
DA:6,19
DA:7,19
DA:8,19
DA:9,19
DA:10,19
DA:11,9
DA:13,10
DA:15,19
DA:16,5
DA:18,14
DA:20,19
DA:21,19
DA:22,57
DA:23,9
DA:24,9
DA:28,48
DA:31,19
DA:32,19
DA:40,11
DA:44,5
DA:45,8
DA:46,8
DA:47,8
DA:49,5
DA:51,5
DA:55,8
DA:56,8
DA:57,8
DA:58,8
DA:59,8
DA:60,8
DA:61,6
DA:62,6
DA:63,6
DA:64,6
DA:65,6
DA:67,8
DA:68,1
DA:71,8
DA:75,10
DA:79,10
DA:80,13
DA:81,5
DA:82,5
DA:83,5
DA:84,2
DA:85,2
DA:86,1
DA:87,1
DA:88,1
DA:89,1
DA:91,1
DA:92,1
DA:93,1
DA:97,3
DA:98,3
DA:102,10
DA:106,59
DA:108,9
DA:111,2
DA:112,1
DA:113,1
DA:114,1
DA:115,1
DA:116,1
DA:118,2
DA:119,1
DA:120,1
DA:121,1
DA:122,4
DA:123,3
DA:124,3
DA:125,3
DA:126,3
DA:127,3
DA:135,3
DA:136,3
DA:137,2
DA:141,3
DA:142,3
DA:143,3
DA:144,1
DA:145,1
DA:147,3
DA:152,6
DA:153,1
DA:155,5
DA:156,5
DA:163,3
DA:164,3
DA:165,3
DA:166,4
DA:168,3
DA:169,3
DA:170,4
DA:171,4
DA:172,4
DA:173,4
DA:175,3
DA:176,4
DA:178,3
DA:179,3
DA:180,2
DA:189,0
DA:190,0
DA:193,9
DA:194,9
DA:195,9
DA:196,9
DA:197,9
DA:198,9
DA:199,9
DA:200,9
DA:201,9
LF:118
LH:116
BRDA:10,0,0,9
BRDA:10,0,1,10
BRDA:15,1,0,5
BRDA:15,1,1,14
BRDA:22,2,0,9
BRDA:22,2,1,48
BRDA:60,3,0,6
BRDA:60,3,1,2
BRDA:67,4,0,1
BRDA:67,4,1,7
BRDA:80,5,0,5
BRDA:80,5,1,8
BRDA:80,6,0,13
BRDA:80,6,1,5
BRDA:83,7,0,2
BRDA:83,7,1,3
BRDA:83,8,0,5
BRDA:83,8,1,2
BRDA:85,9,0,1
BRDA:85,9,1,1
BRDA:85,10,0,2
BRDA:85,10,1,1
BRDA:92,11,0,1
BRDA:92,11,1,0
BRDA:111,12,0,1
BRDA:111,12,1,1
BRDA:118,13,0,1
BRDA:118,13,1,1
BRDA:122,14,0,3
BRDA:122,14,1,1
BRDA:143,15,0,1
BRDA:143,15,1,2
BRDA:143,16,0,3
BRDA:143,16,1,1
BRDA:143,16,2,1
BRDA:152,17,0,1
BRDA:152,17,1,5
BRDA:179,18,0,2
BRDA:179,18,1,1
BRF:39
BRH:38
end_of_record
